TN:
SF:app/page.tsx
FN:12,Home
FNF:1
FNH:1
FNDA:1,Home
DA:3,1
DA:5,1
DA:6,1
DA:7,1
DA:8,1
DA:9,1
DA:12,1
LF:7
LH:7
BRF:0
BRH:0
end_of_record
TN:
SF:app/CompletionPage/page.tsx
FN:21,CompletionPage
FN:29,(anonymous_6)
FN:34,(anonymous_7)
FN:40,(anonymous_8)
FN:46,(anonymous_9)
FN:47,(anonymous_10)
FN:48,(anonymous_11)
FN:51,(anonymous_12)
FN:54,fetchPlayerData
FN:69,(anonymous_14)
FN:74,(anonymous_15)
FN:83,(anonymous_16)
FN:133,(anonymous_17)
FN:167,(anonymous_18)
FNF:14
FNH:8
FNDA:1,CompletionPage
FNDA:1,(anonymous_6)
FNDA:1,(anonymous_7)
FNDA:1,(anonymous_8)
FNDA:1,(anonymous_9)
FNDA:0,(anonymous_10)
FNDA:0,(anonymous_11)
FNDA:1,(anonymous_12)
FNDA:1,fetchPlayerData
FNDA:0,(anonymous_14)
FNDA:0,(anonymous_15)
FNDA:0,(anonymous_16)
FNDA:0,(anonymous_17)
FNDA:2,(anonymous_18)
DA:3,2
DA:4,2
DA:5,2
DA:6,2
DA:7,2
DA:8,2
DA:9,2
DA:10,2
DA:11,2
DA:12,2
DA:13,2
DA:21,1
DA:22,1
DA:23,1
DA:24,1
DA:25,1
DA:27,1
DA:29,1
DA:30,1
DA:31,1
DA:34,1
DA:35,1
DA:36,0
DA:40,1
DA:41,1
DA:42,0
DA:46,1
DA:47,1
DA:48,0
DA:51,1
DA:56,1
DA:57,1
DA:59,0
DA:61,0
DA:62,0
DA:63,0
DA:66,0
DA:67,0
DA:69,0
DA:70,0
DA:72,0
DA:73,0
DA:74,0
DA:76,0
DA:83,0
DA:85,0
DA:134,0
DA:168,2
LF:48
LH:30
BRDA:35,0,0,0
BRDA:41,1,0,0
BRDA:57,2,0,1
BRDA:63,3,0,0
BRDA:63,3,1,0
BRDA:73,4,0,0
BRDA:73,4,1,0
BRDA:139,5,0,0
BRDA:139,5,1,0
BRF:9
BRH:1
end_of_record
TN:
SF:app/Components/AACKeyboard.tsx
FN:16,(anonymous_5)
FN:27,(anonymous_6)
FN:28,(anonymous_7)
FN:46,(anonymous_8)
FN:51,(anonymous_9)
FN:68,(anonymous_10)
FN:73,(anonymous_11)
FNF:7
FNH:7
FNDA:17,(anonymous_5)
FNDA:15,(anonymous_6)
FNDA:26,(anonymous_7)
FNDA:2,(anonymous_8)
FNDA:2,(anonymous_9)
FNDA:27,(anonymous_10)
FNDA:2,(anonymous_11)
DA:3,2
DA:4,2
DA:5,2
DA:16,2
DA:24,17
DA:27,17
DA:28,15
DA:29,26
DA:35,17
DA:46,17
DA:48,2
DA:51,2
DA:52,2
DA:69,27
DA:73,2
DA:88,23
LF:16
LH:16
BRDA:19,0,0,5
BRDA:20,1,0,5
BRDA:21,2,0,6
BRDA:63,3,0,17
BRF:4
BRH:4
end_of_record
TN:
SF:app/Components/AnimationUtils.tsx
FNF:0
FNH:0
DA:4,1
DA:5,1
DA:8,0
DA:18,0
DA:38,0
DA:48,0
DA:59,0
DA:69,0
DA:79,0
DA:90,0
DA:107,0
DA:118,0
LF:12
LH:2
BRDA:18,0,0,0
BRDA:59,1,0,0
BRDA:69,2,0,0
BRDA:118,3,0,0
BRF:4
BRH:0
end_of_record
TN:
SF:app/Components/Camera.tsx
FN:7,(anonymous_4)
FN:15,(anonymous_5)
FN:17,(anonymous_6)
FN:37,(anonymous_7)
FN:56,(anonymous_8)
FN:67,(anonymous_9)
FN:87,(anonymous_10)
FN:135,(anonymous_11)
FN:142,(anonymous_12)
FN:150,(anonymous_13)
FN:164,(anonymous_14)
FN:175,(anonymous_15)
FN:178,(anonymous_16)
FNF:13
FNH:11
FNDA:13,(anonymous_4)
FNDA:6,(anonymous_5)
FNDA:0,(anonymous_6)
FNDA:4,(anonymous_7)
FNDA:1,(anonymous_8)
FNDA:1,(anonymous_9)
FNDA:5,(anonymous_10)
FNDA:5,(anonymous_11)
FNDA:7,(anonymous_12)
FNDA:1,(anonymous_13)
FNDA:6,(anonymous_14)
FNDA:6,(anonymous_15)
FNDA:0,(anonymous_16)
DA:1,1
DA:7,1
DA:8,13
DA:9,13
DA:10,13
DA:11,13
DA:12,13
DA:13,13
DA:15,13
DA:16,6
DA:17,0
DA:20,6
DA:21,6
DA:22,6
DA:30,6
DA:32,4
DA:34,4
DA:35,4
DA:36,4
DA:37,4
DA:40,4
DA:42,2
DA:43,2
DA:51,1
DA:53,1
DA:54,1
DA:55,1
DA:56,1
DA:59,1
DA:62,1
DA:63,1
DA:67,13
DA:68,1
DA:70,1
DA:71,1
DA:73,1
DA:74,25
DA:76,25
DA:77,25
DA:79,25
DA:80,25
DA:81,25
DA:84,1
DA:87,13
DA:88,5
DA:90,1
DA:91,1
DA:92,1
DA:93,1
DA:95,1
DA:96,1
DA:98,1
DA:100,1
DA:102,1
DA:103,1
DA:105,1
DA:106,1
DA:115,1
DA:116,1
DA:117,1
DA:118,1
DA:120,1
DA:121,1
DA:122,1
DA:123,1
DA:124,1
DA:125,1
DA:126,1
DA:127,1
DA:128,1
DA:131,0
DA:135,13
DA:136,5
DA:138,5
DA:139,5
DA:142,13
DA:143,7
DA:144,1
DA:145,1
DA:147,7
DA:150,13
DA:151,1
DA:153,1
DA:154,1
DA:156,1
DA:157,1
DA:158,1
DA:160,1
DA:161,1
DA:164,13
DA:165,6
DA:166,0
DA:167,0
DA:168,0
DA:169,0
DA:170,0
DA:172,6
DA:175,6
DA:176,6
DA:177,6
DA:178,0
DA:232,6
LF:102
LH:94
BRDA:16,0,0,0
BRDA:34,1,0,4
BRDA:53,2,0,1
BRDA:88,3,0,4
BRDA:88,4,0,5
BRDA:88,4,1,1
BRDA:88,4,2,1
BRDA:93,5,0,0
BRDA:115,6,0,1
BRDA:136,7,0,0
BRDA:143,8,0,1
BRDA:151,9,0,0
BRDA:151,10,0,1
BRDA:151,10,1,1
BRDA:154,11,0,0
BRDA:165,12,0,0
BRDA:165,12,1,6
BRDA:165,13,0,6
BRDA:165,13,1,6
BRDA:177,14,0,0
BRDA:197,15,0,13
BRDA:216,16,0,13
BRF:22
BRH:15
end_of_record
TN:
SF:app/Components/CompletedStory.tsx
FN:12,(anonymous_4)
FN:17,(anonymous_5)
FN:23,(anonymous_6)
FN:26,(anonymous_7)
FN:34,(anonymous_8)
FNF:5
FNH:4
FNDA:6,(anonymous_4)
FNDA:6,(anonymous_5)
FNDA:3,(anonymous_6)
FNDA:0,(anonymous_7)
FNDA:6,(anonymous_8)
DA:2,2
DA:3,2
DA:4,2
DA:12,2
DA:17,6
DA:18,6
DA:19,6
DA:21,6
DA:23,6
DA:24,3
DA:26,3
DA:27,0
DA:28,0
DA:31,3
DA:34,6
DA:35,6
DA:36,6
DA:40,6
DA:43,6
LF:19
LH:17
BRF:0
BRH:0
end_of_record
TN:
SF:app/Components/TextToSpeechAACButtons.tsx
FN:11,(anonymous_4)
FN:19,(anonymous_5)
FN:23,(anonymous_6)
FN:31,(anonymous_7)
FN:37,(anonymous_8)
FN:52,(anonymous_9)
FN:58,(anonymous_10)
FNF:7
FNH:3
FNDA:11,(anonymous_4)
FNDA:8,(anonymous_5)
FNDA:0,(anonymous_6)
FNDA:8,(anonymous_7)
FNDA:0,(anonymous_8)
FNDA:0,(anonymous_9)
FNDA:0,(anonymous_10)
DA:3,1
DA:11,1
DA:16,11
DA:17,11
DA:19,11
DA:20,8
DA:21,8
DA:23,8
DA:24,0
DA:25,0
DA:28,8
DA:29,8
DA:31,8
DA:32,8
DA:33,8
DA:37,11
DA:38,0
DA:40,0
DA:41,0
DA:43,0
DA:44,0
DA:46,0
DA:49,0
DA:52,11
DA:53,0
DA:54,0
DA:55,0
DA:58,11
DA:59,0
DA:60,0
DA:61,0
DA:91,17
LF:32
LH:17
BRDA:38,0,0,0
BRDA:43,1,0,0
BRDA:43,1,1,0
BRDA:59,2,0,0
BRDA:70,3,0,0
BRDA:70,3,1,11
BRDA:74,4,0,0
BRDA:74,4,1,11
BRDA:81,5,0,0
BRDA:81,5,1,11
BRF:10
BRH:3
end_of_record
TN:
SF:app/Components/TextToSpeechTextOnly.tsx
FN:10,(anonymous_4)
FN:21,(anonymous_5)
FN:27,(anonymous_6)
FN:44,(anonymous_7)
FN:51,(anonymous_8)
FN:61,(anonymous_9)
FN:75,(anonymous_10)
FN:80,(anonymous_11)
FN:88,(anonymous_12)
FN:91,(anonymous_13)
FN:114,(anonymous_14)
FN:120,(anonymous_15)
FN:135,(anonymous_16)
FN:146,(anonymous_17)
FNF:14
FNH:11
FNDA:25,(anonymous_4)
FNDA:17,(anonymous_5)
FNDA:1,(anonymous_6)
FNDA:1,(anonymous_7)
FNDA:16,(anonymous_8)
FNDA:1,(anonymous_9)
FNDA:1,(anonymous_10)
FNDA:0,(anonymous_11)
FNDA:22,(anonymous_12)
FNDA:1,(anonymous_13)
FNDA:0,(anonymous_14)
FNDA:0,(anonymous_15)
FNDA:1,(anonymous_16)
FNDA:4,(anonymous_17)
DA:3,3
DA:10,3
DA:14,25
DA:15,25
DA:16,25
DA:17,25
DA:18,25
DA:21,25
DA:22,17
DA:23,1
DA:24,1
DA:27,16
DA:28,1
DA:29,1
DA:30,1
DA:34,16
DA:35,16
DA:36,4
DA:37,4
DA:40,12
DA:44,16
DA:45,1
DA:46,0
DA:47,0
DA:51,16
DA:52,16
DA:53,16
DA:54,16
DA:55,1
DA:61,25
DA:62,1
DA:63,1
DA:66,1
DA:74,1
DA:75,1
DA:76,1
DA:80,0
DA:81,0
DA:84,0
DA:88,25
DA:89,22
DA:91,4
DA:92,1
DA:94,1
DA:96,1
DA:99,1
DA:100,1
DA:103,1
DA:104,1
DA:105,1
DA:109,1
DA:110,1
DA:111,1
DA:114,1
DA:115,0
DA:116,0
DA:117,0
DA:120,1
DA:121,0
DA:122,0
DA:125,0
DA:126,0
DA:127,0
DA:130,0
DA:135,1
DA:136,1
DA:139,0
DA:140,0
DA:145,4
DA:146,4
DA:147,4
DA:148,4
DA:149,4
DA:154,25
DA:157,26
LF:75
LH:59
BRDA:22,0,0,1
BRDA:22,1,0,17
BRDA:22,1,1,17
BRDA:28,2,0,0
BRDA:35,3,0,4
BRDA:35,3,1,12
BRDA:35,4,0,16
BRDA:35,4,1,16
BRDA:45,5,0,0
BRDA:54,6,0,1
BRDA:63,7,0,0
BRDA:63,8,0,1
BRDA:63,8,1,1
BRDA:76,9,0,1
BRDA:81,10,0,0
BRDA:89,11,0,18
BRDA:89,12,0,22
BRDA:89,12,1,20
BRDA:92,13,0,0
BRDA:92,14,0,1
BRDA:92,14,1,1
BRDA:104,15,0,1
BRDA:125,16,0,0
BRDA:125,16,1,0
BRDA:148,17,0,4
BRDA:148,18,0,4
BRDA:148,18,1,4
BRF:27
BRH:20
end_of_record
TN:
SF:app/Components/useAACSounds.ts
FN:7,(anonymous_2)
FN:12,(anonymous_3)
FN:116,(anonymous_4)
FN:122,(anonymous_5)
FNF:4
FNH:2
FNDA:44,(anonymous_2)
FNDA:27,(anonymous_3)
FNDA:0,(anonymous_4)
FNDA:0,(anonymous_5)
DA:3,3
DA:4,3
DA:7,3
DA:8,44
DA:9,44
DA:10,44
DA:12,44
DA:14,27
DA:15,27
DA:16,27
DA:21,44
DA:22,44
DA:23,44
DA:24,44
DA:25,44
DA:26,44
DA:27,44
DA:28,44
DA:29,44
DA:30,44
DA:31,44
DA:32,44
DA:33,44
DA:34,44
DA:35,44
DA:36,44
DA:37,44
DA:38,44
DA:39,44
DA:40,44
DA:41,44
DA:42,44
DA:43,44
DA:44,44
DA:45,44
DA:46,44
DA:47,44
DA:48,44
DA:49,44
DA:50,44
DA:51,44
DA:52,44
DA:53,44
DA:54,44
DA:55,44
DA:56,44
DA:57,44
DA:58,44
DA:59,44
DA:60,44
DA:61,44
DA:62,44
DA:63,44
DA:64,44
DA:65,44
DA:68,44
DA:116,44
DA:118,0
DA:119,0
DA:120,0
DA:121,0
DA:122,0
DA:125,0
DA:129,44
DA:132,44
LF:65
LH:59
BRDA:14,0,0,27
BRDA:120,1,0,0
BRF:2
BRH:1
end_of_record
TN:
SF:app/Components/useButtonClickSounds.ts
FN:10,(anonymous_2)
FN:27,(anonymous_4)
FN:42,(anonymous_5)
FN:54,(anonymous_6)
FNF:4
FNH:3
FNDA:39,(anonymous_2)
FNDA:3,(anonymous_4)
FNDA:1,(anonymous_5)
FNDA:0,(anonymous_6)
DA:4,6
DA:5,6
DA:10,6
DA:11,39
DA:13,39
DA:14,39
DA:15,39
DA:16,39
DA:17,39
DA:20,39
DA:26,11
DA:36,11
DA:38,11
DA:39,11
DA:42,11
DA:43,1
DA:44,1
DA:47,1
DA:48,1
DA:49,1
DA:54,1
DA:55,0
DA:58,0
DA:59,0
DA:65,39
DA:68,39
LF:26
LH:23
BRDA:38,0,0,11
BRF:1
BRH:1
end_of_record
TN:
SF:app/Components/useQuickTextToSpeech.ts
FN:6,(anonymous_4)
FN:12,(anonymous_5)
FN:34,(anonymous_6)
FN:45,(anonymous_7)
FN:54,(anonymous_8)
FN:69,(anonymous_9)
FN:80,(anonymous_10)
FN:87,(anonymous_11)
FN:117,(anonymous_12)
FN:122,(anonymous_13)
FN:127,(anonymous_14)
FN:134,(anonymous_15)
FNF:12
FNH:8
FNDA:49,(anonymous_4)
FNDA:8,(anonymous_5)
FNDA:8,(anonymous_6)
FNDA:29,(anonymous_7)
FNDA:12,(anonymous_8)
FNDA:0,(anonymous_9)
FNDA:8,(anonymous_10)
FNDA:4,(anonymous_11)
FNDA:0,(anonymous_12)
FNDA:0,(anonymous_13)
FNDA:0,(anonymous_14)
FNDA:4,(anonymous_15)
DA:3,7
DA:6,7
DA:7,49
DA:8,49
DA:9,49
DA:12,49
DA:13,8
DA:16,8
DA:33,8
DA:34,8
DA:35,8
DA:38,8
DA:41,0
DA:45,49
DA:46,29
DA:47,21
DA:48,21
DA:51,8
DA:52,8
DA:54,8
DA:55,12
DA:57,8
DA:58,8
DA:59,8
DA:60,8
DA:61,8
DA:62,8
DA:65,8
DA:66,0
DA:67,0
DA:68,0
DA:69,0
DA:75,8
DA:78,8
DA:80,8
DA:81,8
DA:82,8
DA:87,49
DA:88,4
DA:89,2
DA:91,2
DA:93,2
DA:94,2
DA:98,2
DA:100,0
DA:101,0
DA:102,0
DA:103,2
DA:105,0
DA:106,0
DA:107,0
DA:110,2
DA:111,2
DA:112,2
DA:115,2
DA:117,2
DA:118,0
DA:122,2
DA:123,0
DA:124,0
DA:127,2
DA:128,0
DA:131,2
DA:134,49
DA:135,4
DA:136,4
DA:137,4
DA:141,49
DA:144,49
LF:69
LH:54
BRDA:13,0,0,0
BRDA:13,1,0,8
BRDA:13,1,1,8
BRDA:35,2,0,8
BRDA:35,2,1,8
BRDA:35,2,2,8
BRDA:35,2,3,8
BRDA:38,3,0,8
BRDA:46,4,0,21
BRDA:46,5,0,29
BRDA:46,5,1,29
BRDA:55,6,0,4
BRDA:58,7,0,8
BRDA:65,8,0,0
BRDA:88,9,0,2
BRDA:88,10,0,4
BRDA:88,10,1,2
BRDA:88,10,2,2
BRDA:88,10,3,2
BRDA:98,11,0,0
BRDA:98,11,1,2
BRDA:103,12,0,0
BRDA:103,12,1,2
BRDA:135,13,0,4
BRDA:135,14,0,4
BRDA:135,14,1,4
BRF:26
BRH:22
end_of_record
TN:
SF:app/CreateRoom/page.tsx
FN:15,CreateRoomPage
FN:28,(anonymous_6)
FN:34,(anonymous_7)
FN:40,(anonymous_8)
FN:46,(anonymous_9)
FN:98,(anonymous_10)
FN:105,(anonymous_11)
FN:127,(anonymous_12)
FN:134,(anonymous_13)
FN:145,(anonymous_14)
FN:155,(anonymous_15)
FN:160,(anonymous_16)
FN:179,(anonymous_17)
FN:184,(anonymous_18)
FN:190,(anonymous_19)
FN:193,(anonymous_20)
FN:206,(anonymous_21)
FN:216,(anonymous_22)
FN:227,(anonymous_23)
FN:228,(anonymous_24)
FN:232,(anonymous_25)
FN:233,(anonymous_26)
FN:249,(anonymous_27)
FN:250,(anonymous_28)
FN:254,(anonymous_29)
FN:255,(anonymous_30)
FN:271,(anonymous_31)
FN:272,(anonymous_32)
FN:276,(anonymous_33)
FN:277,(anonymous_34)
FN:290,(anonymous_35)
FN:300,(anonymous_36)
FN:327,(anonymous_37)
FN:366,(anonymous_38)
FNF:34
FNH:12
FNDA:15,CreateRoomPage
FNDA:4,(anonymous_6)
FNDA:3,(anonymous_7)
FNDA:3,(anonymous_8)
FNDA:0,(anonymous_9)
FNDA:0,(anonymous_10)
FNDA:0,(anonymous_11)
FNDA:0,(anonymous_12)
FNDA:60,(anonymous_13)
FNDA:0,(anonymous_14)
FNDA:20,(anonymous_15)
FNDA:4,(anonymous_16)
FNDA:0,(anonymous_17)
FNDA:12,(anonymous_18)
FNDA:3,(anonymous_19)
FNDA:36,(anonymous_20)
FNDA:0,(anonymous_21)
FNDA:0,(anonymous_22)
FNDA:3,(anonymous_23)
FNDA:0,(anonymous_24)
FNDA:0,(anonymous_25)
FNDA:0,(anonymous_26)
FNDA:0,(anonymous_27)
FNDA:0,(anonymous_28)
FNDA:0,(anonymous_29)
FNDA:0,(anonymous_30)
FNDA:0,(anonymous_31)
FNDA:0,(anonymous_32)
FNDA:0,(anonymous_33)
FNDA:0,(anonymous_34)
FNDA:0,(anonymous_35)
FNDA:0,(anonymous_36)
FNDA:6,(anonymous_37)
FNDA:0,(anonymous_38)
DA:5,1
DA:6,1
DA:7,1
DA:8,1
DA:9,1
DA:10,1
DA:11,1
DA:12,1
DA:13,1
DA:15,5
DA:16,15
DA:17,15
DA:18,15
DA:19,15
DA:20,15
DA:21,15
DA:22,15
DA:23,15
DA:24,15
DA:26,15
DA:28,15
DA:29,4
DA:30,4
DA:31,4
DA:34,15
DA:35,3
DA:36,3
DA:37,3
DA:40,15
DA:41,3
DA:42,3
DA:43,3
DA:46,15
DA:47,0
DA:48,0
DA:49,0
DA:52,0
DA:53,0
DA:55,0
DA:57,0
DA:64,0
DA:66,0
DA:71,0
DA:89,0
DA:91,0
DA:92,0
DA:94,0
DA:98,15
DA:99,0
DA:100,0
DA:102,0
DA:105,15
DA:106,0
DA:127,0
DA:135,60
DA:145,0
DA:156,20
DA:160,4
DA:179,0
DA:185,12
DA:190,3
DA:194,36
DA:206,0
DA:216,0
DA:227,3
DA:229,0
DA:230,0
DA:232,0
DA:233,0
DA:249,0
DA:251,0
DA:252,0
DA:254,0
DA:255,0
DA:271,0
DA:273,0
DA:274,0
DA:276,0
DA:277,0
DA:290,0
DA:300,0
DA:328,6
DA:366,0
LF:83
LH:43
BRDA:47,0,0,0
BRDA:66,1,0,0
BRDA:66,1,1,0
BRDA:67,2,0,0
BRDA:67,2,1,0
BRDA:68,3,0,0
BRDA:68,3,1,0
BRDA:89,4,0,0
BRDA:89,4,1,0
BRDA:99,5,0,0
BRDA:106,6,0,0
BRDA:117,7,0,15
BRDA:117,7,1,10
BRDA:136,8,0,34
BRDA:136,8,1,26
BRDA:143,9,0,15
BRDA:177,10,0,15
BRDA:214,11,0,15
BRDA:224,12,0,0
BRDA:224,12,1,3
BRDA:236,13,0,3
BRDA:246,14,0,0
BRDA:246,14,1,3
BRDA:258,15,0,3
BRDA:268,16,0,0
BRDA:268,16,1,3
BRDA:280,17,0,3
BRDA:298,18,0,15
BRDA:309,19,0,3
BRDA:309,19,1,0
BRDA:310,20,0,0
BRDA:310,20,1,0
BRDA:311,21,0,0
BRDA:311,21,1,0
BRDA:314,22,0,3
BRDA:314,22,1,0
BRDA:327,23,0,3
BRDA:327,23,1,3
BRDA:336,24,0,3
BRDA:336,24,1,0
BRDA:337,25,0,0
BRDA:337,25,1,0
BRDA:344,26,0,3
BRDA:344,26,1,0
BRDA:345,27,0,0
BRDA:345,27,1,0
BRDA:362,28,0,0
BRDA:362,28,1,3
BRF:48
BRH:21
end_of_record
TN:
SF:app/Gameplay/[roomId]/[storyTitle]/page.tsx
FN:25,(anonymous_5)
FN:41,(anonymous_6)
FN:48,(anonymous_7)
FN:56,savePlayerProfile
FN:76,Home
FN:126,(anonymous_10)
FN:139,(anonymous_11)
FN:143,(anonymous_12)
FN:154,(anonymous_13)
FN:162,(anonymous_14)
FN:169,(anonymous_15)
FN:175,(anonymous_16)
FN:180,(anonymous_17)
FN:182,(anonymous_18)
FN:191,(anonymous_19)
FN:211,(anonymous_20)
FN:222,(anonymous_21)
FN:233,(anonymous_22)
FN:237,(anonymous_23)
FN:240,(anonymous_24)
FN:249,(anonymous_25)
FN:257,(anonymous_26)
FN:325,(anonymous_27)
FN:331,(anonymous_28)
FN:334,(anonymous_29)
FN:343,(anonymous_30)
FN:359,(anonymous_31)
FN:435,(anonymous_32)
FN:439,(anonymous_33)
FN:454,(anonymous_34)
FN:473,(anonymous_35)
FN:478,(anonymous_36)
FN:505,(anonymous_37)
FN:558,(anonymous_38)
FN:559,(anonymous_39)
FN:615,(anonymous_40)
FN:665,(anonymous_41)
FN:692,(anonymous_42)
FN:693,(anonymous_43)
FN:693,(anonymous_44)
FN:762,(anonymous_45)
FN:763,(anonymous_46)
FN:790,(anonymous_47)
FNF:43
FNH:21
FNDA:0,(anonymous_5)
FNDA:2,(anonymous_6)
FNDA:26,(anonymous_7)
FNDA:0,savePlayerProfile
FNDA:26,Home
FNDA:0,(anonymous_10)
FNDA:0,(anonymous_11)
FNDA:7,(anonymous_12)
FNDA:10,(anonymous_13)
FNDA:0,(anonymous_14)
FNDA:2,(anonymous_15)
FNDA:14,(anonymous_16)
FNDA:2,(anonymous_17)
FNDA:4,(anonymous_18)
FNDA:3,(anonymous_19)
FNDA:0,(anonymous_20)
FNDA:0,(anonymous_21)
FNDA:14,(anonymous_22)
FNDA:7,(anonymous_23)
FNDA:7,(anonymous_24)
FNDA:0,(anonymous_25)
FNDA:0,(anonymous_26)
FNDA:16,(anonymous_27)
FNDA:0,(anonymous_28)
FNDA:0,(anonymous_29)
FNDA:0,(anonymous_30)
FNDA:0,(anonymous_31)
FNDA:0,(anonymous_32)
FNDA:2,(anonymous_33)
FNDA:16,(anonymous_34)
FNDA:0,(anonymous_35)
FNDA:0,(anonymous_36)
FNDA:0,(anonymous_37)
FNDA:0,(anonymous_38)
FNDA:0,(anonymous_39)
FNDA:13,(anonymous_40)
FNDA:4,(anonymous_41)
FNDA:2,(anonymous_42)
FNDA:4,(anonymous_43)
FNDA:2,(anonymous_44)
FNDA:0,(anonymous_45)
FNDA:0,(anonymous_46)
FNDA:0,(anonymous_47)
DA:5,1
DA:6,1
DA:7,1
DA:8,1
DA:10,1
DA:11,1
DA:12,1
DA:13,1
DA:14,1
DA:15,1
DA:16,1
DA:17,1
DA:18,1
DA:25,1
DA:38,1
DA:41,2
DA:48,1
DA:49,26
DA:50,0
DA:51,0
DA:52,0
DA:62,0
DA:63,0
DA:64,0
DA:65,0
DA:71,0
DA:72,0
DA:76,7
DA:77,26
DA:78,26
DA:79,26
DA:80,26
DA:81,26
DA:82,26
DA:83,26
DA:84,26
DA:85,26
DA:86,26
DA:87,26
DA:88,26
DA:89,26
DA:90,26
DA:91,26
DA:92,26
DA:93,26
DA:94,26
DA:95,26
DA:96,26
DA:97,26
DA:98,26
DA:99,26
DA:100,26
DA:101,26
DA:102,26
DA:103,26
DA:104,26
DA:105,26
DA:106,26
DA:107,26
DA:108,26
DA:109,26
DA:115,26
DA:116,26
DA:118,26
DA:119,26
DA:120,26
DA:121,26
DA:122,26
DA:123,26
DA:124,26
DA:126,26
DA:127,0
DA:128,0
DA:130,0
DA:133,0
DA:136,0
DA:139,0
DA:143,26
DA:144,7
DA:146,6
DA:147,6
DA:148,6
DA:154,26
DA:155,10
DA:158,2
DA:161,2
DA:162,0
DA:163,0
DA:166,0
DA:169,2
DA:170,2
DA:175,26
DA:176,14
DA:179,14
DA:180,14
DA:181,2
DA:182,2
DA:183,4
DA:184,4
DA:186,2
DA:189,14
DA:191,14
DA:192,3
DA:193,3
DA:194,3
DA:196,3
DA:197,3
DA:198,3
DA:201,3
DA:202,3
DA:204,3
DA:205,3
DA:206,3
DA:207,3
DA:208,3
DA:210,3
DA:211,0
DA:212,0
DA:216,3
DA:217,3
DA:218,0
DA:221,3
DA:222,0
DA:223,0
DA:224,0
DA:225,0
DA:226,3
DA:227,1
DA:228,1
DA:233,14
DA:237,26
DA:238,7
DA:240,7
DA:241,7
DA:243,7
DA:244,7
DA:245,7
DA:249,26
DA:250,0
DA:252,0
DA:255,0
DA:257,0
DA:258,0
DA:259,0
DA:260,0
DA:261,0
DA:262,0
DA:264,0
DA:266,0
DA:279,0
DA:280,0
DA:283,0
DA:286,0
DA:287,0
DA:288,0
DA:289,0
DA:292,0
DA:293,0
DA:294,0
DA:295,0
DA:298,0
DA:299,0
DA:300,0
DA:301,0
DA:304,0
DA:305,0
DA:306,0
DA:307,0
DA:310,0
DA:315,0
DA:316,0
DA:317,0
DA:318,0
DA:320,0
DA:321,0
DA:322,0
DA:325,26
DA:326,16
DA:327,16
DA:328,16
DA:331,26
DA:332,0
DA:333,0
DA:334,0
DA:335,0
DA:336,0
DA:338,0
DA:339,0
DA:343,26
DA:344,0
DA:345,0
DA:346,0
DA:347,0
DA:348,0
DA:349,0
DA:350,0
DA:351,0
DA:352,0
DA:353,0
DA:354,0
DA:359,26
DA:360,0
DA:361,0
DA:363,0
DA:364,0
DA:368,0
DA:369,0
DA:370,0
DA:373,0
DA:375,0
DA:376,0
DA:377,0
DA:379,0
DA:381,0
DA:383,0
DA:390,0
DA:392,0
DA:393,0
DA:395,0
DA:396,0
DA:397,0
DA:398,0
DA:399,0
DA:400,0
DA:401,0
DA:406,0
DA:420,0
DA:422,0
DA:423,0
DA:425,0
DA:427,0
DA:428,0
DA:433,0
DA:434,0
DA:435,0
DA:439,26
DA:440,2
DA:441,2
DA:443,0
DA:444,0
DA:445,0
DA:447,0
DA:448,0
DA:449,0
DA:454,26
DA:455,16
DA:456,1
DA:457,1
DA:461,26
DA:463,26
DA:474,0
DA:475,0
DA:478,0
DA:505,0
DA:517,17
DA:558,0
DA:560,0
DA:561,0
DA:562,0
DA:615,13
DA:666,4
DA:693,4
DA:694,2
DA:695,2
DA:696,2
DA:697,0
DA:702,2
DA:703,0
DA:708,2
DA:709,0
DA:714,2
DA:715,0
DA:720,2
DA:721,0
DA:727,2
DA:728,0
DA:733,2
DA:734,0
DA:740,2
DA:741,0
DA:746,2
DA:747,0
DA:753,2
DA:758,2
DA:763,0
DA:764,0
DA:765,0
DA:766,0
DA:791,0
LF:289
LH:146
BRDA:49,0,0,26
BRDA:50,1,0,0
BRDA:51,2,0,0
BRDA:76,3,0,3
BRDA:101,4,0,26
BRDA:101,4,1,7
BRDA:120,5,0,26
BRDA:120,5,1,0
BRDA:128,6,0,0
BRDA:144,7,0,6
BRDA:155,8,0,8
BRDA:155,9,0,10
BRDA:155,9,1,10
BRDA:158,10,0,0
BRDA:161,11,0,0
BRDA:170,12,0,0
BRDA:176,13,0,0
BRDA:192,14,0,3
BRDA:196,15,0,3
BRDA:196,15,1,0
BRDA:197,16,0,3
BRDA:201,17,0,3
BRDA:201,17,1,1
BRDA:202,18,0,3
BRDA:202,18,1,0
BRDA:204,19,0,3
BRDA:204,19,1,0
BRDA:205,20,0,3
BRDA:205,20,1,2
BRDA:206,21,0,3
BRDA:206,21,1,0
BRDA:208,22,0,3
BRDA:208,22,1,3
BRDA:210,23,0,0
BRDA:210,24,0,3
BRDA:210,24,1,2
BRDA:217,25,0,0
BRDA:217,26,0,3
BRDA:217,26,1,0
BRDA:221,27,0,0
BRDA:221,27,1,3
BRDA:221,28,0,3
BRDA:221,28,1,0
BRDA:223,29,0,0
BRDA:223,29,1,0
BRDA:224,30,0,0
BRDA:224,30,1,0
BRDA:224,31,0,0
BRDA:224,31,1,0
BRDA:225,32,0,0
BRDA:225,32,1,0
BRDA:226,33,0,1
BRDA:226,34,0,3
BRDA:226,34,1,2
BRDA:227,35,0,1
BRDA:227,35,1,0
BRDA:228,36,0,1
BRDA:228,36,1,0
BRDA:228,37,0,1
BRDA:228,37,1,0
BRDA:238,38,0,0
BRDA:238,39,0,7
BRDA:238,39,1,7
BRDA:241,40,0,7
BRDA:241,40,1,0
BRDA:250,41,0,0
BRDA:252,42,0,0
BRDA:252,42,1,0
BRDA:252,43,0,0
BRDA:252,43,1,0
BRDA:261,44,0,0
BRDA:261,44,1,0
BRDA:262,45,0,0
BRDA:262,45,1,0
BRDA:264,46,0,0
BRDA:286,47,0,0
BRDA:292,48,0,0
BRDA:292,49,0,0
BRDA:292,49,1,0
BRDA:298,50,0,0
BRDA:298,51,0,0
BRDA:298,51,1,0
BRDA:304,52,0,0
BRDA:304,53,0,0
BRDA:304,53,1,0
BRDA:327,54,0,16
BRDA:327,54,1,0
BRDA:327,54,2,0
BRDA:328,55,0,16
BRDA:328,55,1,15
BRDA:352,56,0,0
BRDA:360,57,0,0
BRDA:363,58,0,0
BRDA:369,59,0,0
BRDA:369,60,0,0
BRDA:369,60,1,0
BRDA:375,61,0,0
BRDA:381,62,0,0
BRDA:384,63,0,0
BRDA:384,63,1,0
BRDA:386,64,0,0
BRDA:386,64,1,0
BRDA:387,65,0,0
BRDA:387,65,1,0
BRDA:395,66,0,0
BRDA:397,67,0,0
BRDA:397,67,1,0
BRDA:398,68,0,0
BRDA:398,68,1,0
BRDA:401,69,0,0
BRDA:401,69,1,0
BRDA:403,70,0,0
BRDA:403,70,1,0
BRDA:409,71,0,0
BRDA:409,71,1,0
BRDA:417,72,0,0
BRDA:417,72,1,0
BRDA:422,73,0,0
BRDA:422,73,1,0
BRDA:425,74,0,0
BRDA:425,74,1,0
BRDA:440,75,0,2
BRDA:448,76,0,0
BRDA:455,77,0,1
BRDA:463,78,0,9
BRDA:469,79,0,0
BRDA:478,80,0,0
BRDA:478,80,1,0
BRDA:482,81,0,0
BRDA:482,81,1,0
BRDA:483,82,0,0
BRDA:483,82,1,0
BRDA:489,83,0,0
BRDA:521,84,0,17
BRDA:524,85,0,0
BRDA:552,86,0,17
BRDA:561,87,0,0
BRDA:561,87,1,0
BRDA:567,88,0,0
BRDA:567,88,1,0
BRDA:575,89,0,0
BRDA:575,89,1,0
BRDA:576,90,0,0
BRDA:576,90,1,0
BRDA:581,91,0,0
BRDA:592,92,0,0
BRDA:593,93,0,0
BRDA:593,93,1,0
BRDA:597,94,0,0
BRDA:597,94,1,0
BRDA:610,95,0,1
BRDA:610,95,1,16
BRDA:613,96,0,13
BRDA:613,96,1,4
BRDA:656,97,0,15
BRDA:656,97,1,2
BRDA:658,98,0,15
BRDA:694,99,0,2
BRDA:694,99,1,2
BRDA:696,100,0,0
BRDA:696,100,1,2
BRDA:702,101,0,0
BRDA:702,101,1,2
BRDA:708,102,0,0
BRDA:708,102,1,2
BRDA:714,103,0,0
BRDA:714,103,1,2
BRDA:720,104,0,0
BRDA:720,104,1,2
BRDA:727,105,0,0
BRDA:727,105,1,2
BRDA:733,106,0,0
BRDA:733,106,1,2
BRDA:740,107,0,0
BRDA:740,107,1,2
BRDA:746,108,0,0
BRDA:746,108,1,2
BRDA:760,109,0,0
BRDA:760,109,1,2
BRDA:779,110,0,17
BRDA:779,110,1,17
BRDA:784,111,0,17
BRDA:797,112,0,17
BRF:183
BRH:66
end_of_record
TN:
SF:app/HomePage/AnimatedTitle.tsx
FN:9,(anonymous_5)
FN:21,(anonymous_6)
FN:31,(anonymous_7)
FN:33,(anonymous_8)
FN:40,(anonymous_9)
FN:45,(anonymous_10)
FN:47,(anonymous_11)
FN:54,(anonymous_12)
FN:69,(anonymous_13)
FNF:9
FNH:8
FNDA:15,(anonymous_5)
FNDA:0,(anonymous_6)
FNDA:10,(anonymous_7)
FNDA:6,(anonymous_8)
FNDA:5,(anonymous_9)
FNDA:4,(anonymous_10)
FNDA:1,(anonymous_11)
FNDA:10,(anonymous_12)
FNDA:140,(anonymous_13)
DA:3,2
DA:4,2
DA:5,2
DA:6,2
DA:9,2
DA:10,15
DA:11,14
DA:12,14
DA:13,14
DA:16,14
DA:18,14
DA:19,14
DA:21,14
DA:22,0
DA:26,14
DA:27,14
DA:28,14
DA:29,14
DA:31,14
DA:33,10
DA:34,6
DA:35,6
DA:40,10
DA:41,5
DA:45,10
DA:46,4
DA:47,4
DA:48,1
DA:49,1
DA:54,10
DA:55,10
DA:56,10
DA:57,10
DA:70,140
DA:78,10
LF:35
LH:34
BRDA:34,0,0,6
BRDA:64,1,0,4
BRDA:64,1,1,10
BRDA:64,2,0,2
BRDA:64,2,1,12
BRDA:64,3,0,1
BRDA:64,3,1,13
BRF:7
BRH:7
end_of_record
TN:
SF:app/HomePage/HomePageBackgroundMusic.tsx
FN:8,(anonymous_5)
FN:15,(anonymous_6)
FN:18,(anonymous_7)
FN:25,(anonymous_8)
FN:34,(anonymous_9)
FN:44,(anonymous_10)
FN:52,(anonymous_11)
FNF:7
FNH:6
FNDA:11,(anonymous_5)
FNDA:1,(anonymous_6)
FNDA:0,(anonymous_7)
FNDA:1,(anonymous_8)
FNDA:1,(anonymous_9)
FNDA:3,(anonymous_10)
FNDA:3,(anonymous_11)
DA:2,2
DA:3,2
DA:4,2
DA:5,2
DA:6,2
DA:8,5
DA:9,11
DA:10,11
DA:11,11
DA:12,11
DA:13,11
DA:15,11
DA:16,1
DA:17,1
DA:18,1
DA:19,0
DA:21,1
DA:25,11
DA:26,1
DA:27,1
DA:28,1
DA:29,1
DA:30,1
DA:34,11
DA:35,1
DA:36,1
DA:38,1
DA:39,1
DA:40,1
DA:44,11
DA:45,3
DA:53,3
DA:54,3
LF:33
LH:32
BRDA:17,0,0,1
BRDA:27,1,0,1
BRDA:39,2,0,1
BRDA:50,3,0,11
BRDA:68,4,0,11
BRDA:71,5,0,1
BRF:6
BRH:6
end_of_record
TN:
SF:app/HomePage/HomePageButtons.tsx
FN:12,(anonymous_5)
FN:15,(anonymous_6)
FN:41,(anonymous_7)
FN:44,(anonymous_8)
FN:74,(anonymous_9)
FN:78,(anonymous_10)
FN:89,(anonymous_11)
FNF:7
FNH:5
FNDA:4,(anonymous_5)
FNDA:1,(anonymous_6)
FNDA:4,(anonymous_7)
FNDA:1,(anonymous_8)
FNDA:9,(anonymous_9)
FNDA:0,(anonymous_10)
FNDA:0,(anonymous_11)
DA:3,5
DA:4,5
DA:5,5
DA:8,5
DA:9,5
DA:12,5
DA:13,4
DA:14,4
DA:15,4
DA:16,1
DA:17,1
DA:41,5
DA:42,4
DA:43,4
DA:44,4
DA:45,1
DA:46,1
DA:74,9
DA:75,9
DA:76,9
DA:78,9
DA:79,0
DA:80,0
DA:81,0
DA:82,0
DA:89,0
LF:26
LH:21
BRDA:74,0,0,9
BRDA:74,1,0,9
BRDA:74,2,0,9
BRDA:81,3,0,0
BRDA:81,4,0,0
BRDA:81,4,1,0
BRF:6
BRH:3
end_of_record
TN:
SF:app/JoinRoom/page.tsx
FN:24,(anonymous_5)
FN:65,JoinRoomPage
FN:75,(anonymous_7)
FN:82,(anonymous_8)
FN:88,(anonymous_9)
FN:91,(anonymous_10)
FN:149,(anonymous_11)
FN:166,(anonymous_12)
FN:231,(anonymous_13)
FN:239,(anonymous_14)
FN:257,(anonymous_15)
FN:263,(anonymous_16)
FN:286,(anonymous_17)
FNF:13
FNH:2
FNDA:0,(anonymous_5)
FNDA:1,JoinRoomPage
FNDA:0,(anonymous_7)
FNDA:0,(anonymous_8)
FNDA:0,(anonymous_9)
FNDA:0,(anonymous_10)
FNDA:0,(anonymous_11)
FNDA:0,(anonymous_12)
FNDA:0,(anonymous_13)
FNDA:0,(anonymous_14)
FNDA:0,(anonymous_15)
FNDA:4,(anonymous_16)
FNDA:0,(anonymous_17)
DA:5,1
DA:6,1
DA:7,1
DA:8,1
DA:9,1
DA:10,1
DA:11,1
DA:12,1
DA:13,1
DA:14,1
DA:15,1
DA:16,1
DA:24,1
DA:65,1
DA:66,1
DA:67,1
DA:68,1
DA:69,1
DA:70,1
DA:72,1
DA:73,1
DA:75,1
DA:77,0
DA:79,0
DA:82,0
DA:83,0
DA:84,0
DA:88,1
DA:90,0
DA:91,0
DA:93,0
DA:94,0
DA:95,0
DA:98,0
DA:99,0
DA:102,0
DA:105,0
DA:106,0
DA:107,0
DA:116,0
DA:118,0
DA:119,0
DA:121,0
DA:124,0
DA:125,0
DA:127,0
DA:130,0
DA:131,0
DA:136,0
DA:137,0
DA:139,0
DA:140,0
DA:143,0
DA:144,0
DA:149,0
DA:150,0
DA:151,0
DA:154,0
DA:155,0
DA:158,0
DA:159,0
DA:163,0
DA:166,1
DA:167,0
DA:168,0
DA:169,0
DA:172,0
DA:175,0
DA:178,0
DA:180,0
DA:183,0
DA:186,0
DA:189,0
DA:190,0
DA:192,0
DA:193,0
DA:196,0
DA:197,0
DA:198,0
DA:199,0
DA:203,0
DA:205,0
DA:208,0
DA:209,0
DA:212,0
DA:213,0
DA:217,0
DA:218,0
DA:221,0
DA:222,0
DA:225,0
DA:226,0
DA:231,1
DA:232,0
DA:233,0
DA:236,1
DA:237,1
DA:239,1
DA:240,0
DA:241,0
DA:257,0
DA:264,4
DA:286,0
LF:103
LH:29
BRDA:77,0,0,0
BRDA:95,1,0,0
BRDA:116,2,0,0
BRDA:116,2,1,0
BRDA:130,3,0,0
BRDA:143,4,0,0
BRDA:158,5,0,0
BRDA:167,6,0,0
BRDA:178,7,0,0
BRDA:192,8,0,0
BRDA:192,8,1,0
BRDA:197,9,0,0
BRDA:212,10,0,0
BRDA:225,11,0,0
BRDA:274,12,0,4
BRDA:274,12,1,1
BRDA:275,13,0,4
BRDA:275,13,1,1
BRDA:276,14,0,4
BRDA:276,14,1,1
BRDA:277,15,0,4
BRDA:277,15,1,1
BRDA:299,16,0,1
BRDA:304,17,0,1
BRDA:314,18,0,1
BRF:25
BRH:11
end_of_record
TN:
SF:firebaseControls/firebaseConfig.js
FNF:0
FNH:0
DA:6,3
DA:7,3
DA:15,3
DA:28,3
DA:33,3
DA:39,28
LF:6
LH:6
BRF:0
BRH:0
end_of_record
